# Logfile created on Thu Jul 22 14:14:18 -0600 2010 by /
I, [2010-07-22T14:14:18.867028 #41820]  INFO -- : PING REQUEST: 
I, [2010-07-22T14:14:19.332424 #41820]  INFO -- : (0.080894s) SET @@wait_timeout = 2592000
I, [2010-07-22T14:14:19.414134 #41820]  INFO -- : (0.081409s) SET SQL_AUTO_IS_NULL=0
I, [2010-07-22T14:14:19.496265 #41820]  INFO -- : (0.081797s) SHOW TABLES
D, [2010-07-22T14:14:19.496844 #41820] DEBUG -- : -- DB-Table: DIM_ACCOUNTS
D, [2010-07-22T14:14:19.496949 #41820] DEBUG -- : -- DB-Table: DIM_CALLBACK_INFO
D, [2010-07-22T14:14:19.497041 #41820] DEBUG -- : -- DB-Table: DIM_CALLBACK_SENSES
D, [2010-07-22T14:14:19.497132 #41820] DEBUG -- : -- DB-Table: DIM_CALLBACK_TYPES
D, [2010-07-22T14:14:19.497223 #41820] DEBUG -- : -- DB-Table: DIM_DATE
D, [2010-07-22T14:14:19.497313 #41820] DEBUG -- : -- DB-Table: DIM_IP_ADDRESS
D, [2010-07-22T14:14:19.497404 #41820] DEBUG -- : -- DB-Table: DIM_METHODS
D, [2010-07-22T14:14:19.497495 #41820] DEBUG -- : -- DB-Table: DIM_RULES
D, [2010-07-22T14:14:19.497589 #41820] DEBUG -- : -- DB-Table: DIM_RULESET_IDS
D, [2010-07-22T14:14:19.497682 #41820] DEBUG -- : -- DB-Table: DIM_TIME
D, [2010-07-22T14:14:19.497773 #41820] DEBUG -- : -- DB-Table: DIM_VARS
D, [2010-07-22T14:14:19.497863 #41820] DEBUG -- : -- DB-Table: FACT_CALLBACKS
D, [2010-07-22T14:14:19.497953 #41820] DEBUG -- : -- DB-Table: FACT_DAILY_RULES
D, [2010-07-22T14:14:19.498043 #41820] DEBUG -- : -- DB-Table: FACT_KNS_TOTALS
D, [2010-07-22T14:14:19.498133 #41820] DEBUG -- : -- DB-Table: FACT_UNIQUES_DAILY
