# Logfile created on Wed Jul 28 12:09:30 -0600 2010 by /
I, [2010-07-28T12:09:30.904935 #975]  INFO -- : PING REQUEST: 
I, [2010-07-28T12:09:31.316159 #975]  INFO -- : (0.081815s) SET @@wait_timeout = 2592000
I, [2010-07-28T12:09:31.397015 #975]  INFO -- : (0.080596s) SET SQL_AUTO_IS_NULL=0
I, [2010-07-28T12:09:31.478893 #975]  INFO -- : (0.081585s) SHOW TABLES
D, [2010-07-28T12:09:31.479456 #975] DEBUG -- : -- DB-Table: DIM_ACCOUNTS
D, [2010-07-28T12:09:31.479541 #975] DEBUG -- : -- DB-Table: DIM_CALLBACK_INFO
D, [2010-07-28T12:09:31.479707 #975] DEBUG -- : -- DB-Table: DIM_CALLBACK_SENSES
D, [2010-07-28T12:09:31.479784 #975] DEBUG -- : -- DB-Table: DIM_CALLBACK_TYPES
D, [2010-07-28T12:09:31.479857 #975] DEBUG -- : -- DB-Table: DIM_DATE
D, [2010-07-28T12:09:31.480020 #975] DEBUG -- : -- DB-Table: DIM_IP_ADDRESS
D, [2010-07-28T12:09:31.480095 #975] DEBUG -- : -- DB-Table: DIM_METHODS
D, [2010-07-28T12:09:31.480167 #975] DEBUG -- : -- DB-Table: DIM_RULES
D, [2010-07-28T12:09:31.480242 #975] DEBUG -- : -- DB-Table: DIM_RULESET_IDS
D, [2010-07-28T12:09:31.480315 #975] DEBUG -- : -- DB-Table: DIM_TIME
D, [2010-07-28T12:09:31.480387 #975] DEBUG -- : -- DB-Table: DIM_VARS
D, [2010-07-28T12:09:31.480460 #975] DEBUG -- : -- DB-Table: FACT_CALLBACKS
D, [2010-07-28T12:09:31.480532 #975] DEBUG -- : -- DB-Table: FACT_DAILY_RULES
D, [2010-07-28T12:09:31.480604 #975] DEBUG -- : -- DB-Table: FACT_KNS_TOTALS
D, [2010-07-28T12:09:31.480676 #975] DEBUG -- : -- DB-Table: FACT_UNIQUES_DAILY
