

Processing HomeController#home (for 127.0.0.1 at 2010-06-21 10:09:42) [GET]
Rendering home/home
Completed in 7ms (View: 5, DB: 0) | 200 OK [http://localhost/home/home]


Processing HomeController#home (for 127.0.0.1 at 2010-06-21 10:11:43) [GET]
Rendering home/home
Completed in 5ms (View: 3, DB: 0) | 200 OK [http://localhost/home/home]


Processing ApplicationController#index (for 127.0.0.1 at 2010-06-21 10:11:43) [GET]

ActionController::RoutingError (No route matches "/home/AIRAliases.js" with {:method=>:get}):
  

Rendering rescues/layout (not_found)


Processing ApplicationController#index (for 127.0.0.1 at 2010-06-21 10:11:43) [GET]

ActionController::RoutingError (No route matches "/home/jquery.js" with {:method=>:get}):
  

Rendering rescues/layout (not_found)


Processing HomeController#home (for 127.0.0.1 at 2010-06-21 10:19:28) [GET]
Rendering home/home
Completed in 4ms (View: 3, DB: 0) | 200 OK [http://localhost/home/home]


Processing ApplicationController#index (for 127.0.0.1 at 2010-06-21 10:19:28) [GET]

ActionController::RoutingError (No route matches "/home/AIRAliases.js" with {:method=>:get}):
  

Rendering rescues/layout (not_found)


Processing ApplicationController#index (for 127.0.0.1 at 2010-06-21 10:19:28) [GET]

ActionController::RoutingError (No route matches "/home/jquery.js" with {:method=>:get}):
  

Rendering rescues/layout (not_found)


Processing HomeController#home (for 127.0.0.1 at 2010-06-21 10:21:23) [GET]
Rendering home/home
Completed in 5ms (View: 4, DB: 0) | 200 OK [http://localhost/home/home]


Processing ApplicationController#index (for 127.0.0.1 at 2010-06-21 10:21:23) [GET]

ActionController::RoutingError (No route matches "/home/jquery.js" with {:method=>:get}):
  

Rendering rescues/layout (not_found)


Processing ApplicationController#index (for 127.0.0.1 at 2010-06-21 10:21:23) [GET]

ActionController::RoutingError (No route matches "/home/AIRAliases.js" with {:method=>:get}):
  

Rendering rescues/layout (not_found)


Processing HomeController#home (for 127.0.0.1 at 2010-06-21 10:21:40) [GET]
Rendering home/home
Completed in 4ms (View: 3, DB: 0) | 200 OK [http://localhost/home/home]


Processing ApplicationController#index (for 127.0.0.1 at 2010-06-21 10:21:40) [GET]

ActionController::RoutingError (No route matches "/home/AIRAliases.js" with {:method=>:get}):
  

Rendering rescues/layout (not_found)


Processing ApplicationController#index (for 127.0.0.1 at 2010-06-21 10:21:40) [GET]

ActionController::RoutingError (No route matches "/home/jquery.js" with {:method=>:get}):
  

Rendering rescues/layout (not_found)


Processing HomeController#home (for 127.0.0.1 at 2010-06-21 10:26:14) [GET]
Rendering home/home
Completed in 2ms (View: 0, DB: 0) | 200 OK [http://localhost/home/home]


Processing ApplicationController#index (for 127.0.0.1 at 2010-06-21 10:26:14) [GET]

ActionController::RoutingError (No route matches "/home/jquery.js" with {:method=>:get}):
  

Rendering rescues/layout (not_found)


Processing ApplicationController#index (for 127.0.0.1 at 2010-06-21 10:26:14) [GET]

ActionController::RoutingError (No route matches "/home/AIRAliases.js" with {:method=>:get}):
  

Rendering rescues/layout (not_found)


Processing HomeController#home (for 127.0.0.1 at 2010-06-21 10:26:39) [GET]
Rendering home/home
Completed in 1ms (View: 0, DB: 0) | 200 OK [http://localhost/home/home]


Processing ApplicationController#index (for 127.0.0.1 at 2010-06-21 10:26:39) [GET]

ActionController::RoutingError (No route matches "/home/AIRAliases.js" with {:method=>:get}):
  

Rendering rescues/layout (not_found)


Processing ApplicationController#index (for 127.0.0.1 at 2010-06-21 10:26:39) [GET]

ActionController::RoutingError (No route matches "/home/jquery.js" with {:method=>:get}):
  

Rendering rescues/layout (not_found)


Processing HomeController#home (for 127.0.0.1 at 2010-06-21 10:27:22) [GET]
Rendering home/home
Completed in 2ms (View: 1, DB: 0) | 200 OK [http://localhost/home/home]


Processing ApplicationController#index (for 127.0.0.1 at 2010-06-21 10:27:24) [GET]

ActionController::RoutingError (No route matches "/home/jquery.js" with {:method=>:get}):
  

Rendering rescues/layout (not_found)


Processing ApplicationController#index (for 127.0.0.1 at 2010-06-21 10:27:24) [GET]

ActionController::RoutingError (No route matches "/home/AIRAliases.js" with {:method=>:get}):
  

Rendering rescues/layout (not_found)


Processing HomeController#home (for 127.0.0.1 at 2010-06-21 10:27:30) [GET]
Rendering home/home
Completed in 2ms (View: 1, DB: 0) | 200 OK [http://localhost/home/home]


Processing ApplicationController#index (for 127.0.0.1 at 2010-06-21 10:27:33) [GET]

ActionController::RoutingError (No route matches "/home/AIRAliases.js" with {:method=>:get}):
  

Rendering rescues/layout (not_found)


Processing ApplicationController#index (for 127.0.0.1 at 2010-06-21 10:27:33) [GET]

ActionController::RoutingError (No route matches "/home/jquery.js" with {:method=>:get}):
  

Rendering rescues/layout (not_found)


Processing HomeController#home (for 127.0.0.1 at 2010-06-21 10:32:39) [GET]
Rendering home/home
Completed in 5ms (View: 3, DB: 0) | 200 OK [http://localhost/home/home]


Processing ApplicationController#index (for 127.0.0.1 at 2010-06-21 10:32:39) [GET]

ActionController::RoutingError (No route matches "/home/jquery.js" with {:method=>:get}):
  

Rendering rescues/layout (not_found)


Processing ApplicationController#index (for 127.0.0.1 at 2010-06-21 10:32:39) [GET]

ActionController::RoutingError (No route matches "/home/AIRAliases.js" with {:method=>:get}):
  

Rendering rescues/layout (not_found)


Processing HomeController#home (for 127.0.0.1 at 2010-06-21 10:33:46) [GET]
Rendering home/home
Completed in 4ms (View: 3, DB: 0) | 200 OK [http://localhost/home/home]


Processing ApplicationController#index (for 127.0.0.1 at 2010-06-21 10:33:46) [GET]

ActionController::RoutingError (No route matches "/home/jquery.js" with {:method=>:get}):
  

Rendering rescues/layout (not_found)


Processing ApplicationController#index (for 127.0.0.1 at 2010-06-21 10:33:46) [GET]

ActionController::RoutingError (No route matches "/home/AIRAliases.js" with {:method=>:get}):
  

Rendering rescues/layout (not_found)


Processing HomeController#home (for 127.0.0.1 at 2010-06-21 10:52:35) [GET]
Rendering home/home
Completed in 4ms (View: 3, DB: 0) | 200 OK [http://localhost/home/home]


Processing ApplicationController#show (for 127.0.0.1 at 2010-06-21 10:53:54) [GET]

NameError (uninitialized constant HomesController):
  

Rendered rescues/_trace (29.7ms)
Rendered rescues/_request_and_response (1.0ms)
Rendering rescues/layout (internal_server_error)


Processing HomesController#show (for 127.0.0.1 at 2010-06-21 10:54:35) [GET]

ActionView::MissingTemplate (Missing template homes/show.erb in view path app/views):
  

Rendering rescues/layout (internal_server_error)


Processing HomesController#show (for 127.0.0.1 at 2010-06-21 10:54:50) [GET]
Rendering homes/show
Completed in 7ms (View: 6, DB: 0) | 200 OK [http://localhost/home]


Processing HomesController#show (for 127.0.0.1 at 2010-06-21 10:55:01) [GET]
Rendering homes/show
Completed in 4ms (View: 3, DB: 0) | 200 OK [http://localhost/home]


Processing HomesController#show (for 127.0.0.1 at 2010-06-21 10:58:37) [GET]
Rendering homes/show
Completed in 2ms (View: 0, DB: 0) | 200 OK [http://localhost/home]


Processing HomesController#show (for 127.0.0.1 at 2010-06-21 11:00:46) [GET]
Rendering homes/show
Completed in 2ms (View: 0, DB: 0) | 200 OK [http://localhost/home]


Processing HomesController#show (for 127.0.0.1 at 2010-06-21 11:08:37) [GET]
Rendering homes/show
Completed in 2ms (View: 0, DB: 0) | 200 OK [http://localhost/home]


Processing HomesController#show (for 127.0.0.1 at 2010-06-21 11:09:18) [GET]
Rendering homes/show
Completed in 2ms (View: 1, DB: 0) | 200 OK [http://localhost/home]


Processing HomesController#show (for 127.0.0.1 at 2010-06-21 11:09:47) [GET]
Rendering homes/show
Completed in 2ms (View: 0, DB: 0) | 200 OK [http://localhost/home]


Processing HomesController#show (for 127.0.0.1 at 2010-06-21 11:09:56) [GET]
Rendering homes/show
Completed in 2ms (View: 1, DB: 0) | 200 OK [http://localhost/home]


Processing HomesController#show (for 127.0.0.1 at 2010-06-21 11:11:13) [GET]
Rendering template within layouts/application
Rendering homes/show

ActionView::TemplateError (undefined local variable or method `yeld' for #<ActionView::Base:0x1041048e8>) on line #2 of app/views/layouts/application.html.erb:
1: <div>This is our header</div>
2: <%=yeld%>
3: <div>This is our footer</div>

    app/views/layouts/application.html.erb:2

Rendered rescues/_trace (42.1ms)
Rendered rescues/_request_and_response (1.0ms)
Rendering rescues/layout (internal_server_error)


Processing HomesController#show (for 127.0.0.1 at 2010-06-21 11:11:20) [GET]
Rendering template within layouts/application
Rendering homes/show

ActionView::TemplateError (undefined local variable or method `yeld' for #<ActionView::Base:0x1041e87f0>) on line #2 of app/views/layouts/application.html.erb:
1: <div>This is our header</div>
2: <%=yeld%>
3: <div>This is our footer</div>

    app/views/layouts/application.html.erb:2

Rendered rescues/_trace (103.5ms)
Rendered rescues/_request_and_response (0.2ms)
Rendering rescues/layout (internal_server_error)


Processing HomesController#show (for 127.0.0.1 at 2010-06-21 11:11:29) [GET]
Rendering template within layouts/application
Rendering homes/show
Completed in 4ms (View: 3, DB: 0) | 200 OK [http://localhost/home]


Processing HomesController#show (for 127.0.0.1 at 2010-06-21 11:11:33) [GET]
Rendering template within layouts/application
Rendering homes/show
Completed in 2ms (View: 1, DB: 0) | 200 OK [http://localhost/home]


Processing HomesController#show (for 127.0.0.1 at 2010-06-21 12:08:48) [GET]
Rendering template within layouts/application
Rendering homes/show
Completed in 2ms (View: 1, DB: 0) | 200 OK [http://localhost/home]


Processing HomesController#show (for 127.0.0.1 at 2010-06-21 12:09:20) [GET]
Rendering template within layouts/application
Rendering homes/show
Completed in 4ms (View: 3, DB: 0) | 200 OK [http://localhost/home]


Processing HomesController#show (for 127.0.0.1 at 2010-06-21 12:43:51) [GET]
Rendering template within layouts/application
Rendering homes/show
Completed in 2ms (View: 1, DB: 0) | 200 OK [http://localhost/home]


Processing HomesController#show (for 127.0.0.1 at 2010-06-21 12:44:34) [GET]
Rendering template within layouts/application
Rendering homes/show
Completed in 2ms (View: 1, DB: 0) | 200 OK [http://localhost/home]


Processing HomesController#show (for 127.0.0.1 at 2010-06-21 12:45:25) [GET]
Rendering template within layouts/application
Rendering homes/show
Completed in 2ms (View: 1, DB: 0) | 200 OK [http://localhost/home]


Processing HomesController#show (for 127.0.0.1 at 2010-06-21 12:46:11) [GET]
Rendering template within layouts/application
Rendering homes/show
Completed in 2ms (View: 1, DB: 0) | 200 OK [http://localhost/home]


Processing HomesController#show (for 127.0.0.1 at 2010-06-21 12:46:54) [GET]
Rendering template within layouts/application
Rendering homes/show
Completed in 2ms (View: 1, DB: 0) | 200 OK [http://localhost/home]


Processing HomesController#show (for 127.0.0.1 at 2010-06-21 12:47:16) [GET]
Rendering template within layouts/application
Rendering homes/show
Completed in 2ms (View: 1, DB: 0) | 200 OK [http://localhost/home]


Processing HomesController#show (for 127.0.0.1 at 2010-06-21 12:48:12) [GET]
Rendering template within layouts/application
Rendering homes/show
Completed in 2ms (View: 1, DB: 0) | 200 OK [http://localhost/home]


Processing HomesController#show (for 127.0.0.1 at 2010-06-21 12:48:43) [GET]
Rendering template within layouts/application
Rendering homes/show
Completed in 2ms (View: 1, DB: 0) | 200 OK [http://localhost/home]


Processing HomesController#show (for 127.0.0.1 at 2010-06-21 12:49:00) [GET]
Rendering template within layouts/application
Rendering homes/show
Completed in 2ms (View: 1, DB: 0) | 200 OK [http://localhost/home]


Processing HomesController#show (for 127.0.0.1 at 2010-06-21 12:49:20) [GET]
Rendering template within layouts/application
Rendering homes/show
Completed in 2ms (View: 1, DB: 0) | 200 OK [http://localhost/home]


Processing HomesController#show (for 127.0.0.1 at 2010-06-21 12:49:43) [GET]
Rendering template within layouts/application
Rendering homes/show
Completed in 3ms (View: 1, DB: 0) | 200 OK [http://localhost/home]


Processing HomesController#show (for 127.0.0.1 at 2010-06-21 12:50:16) [GET]
Rendering template within layouts/application
Rendering homes/show
Completed in 2ms (View: 1, DB: 0) | 200 OK [http://localhost/home]


Processing HomesController#show (for 127.0.0.1 at 2010-06-21 12:54:55) [GET]
Rendering template within layouts/application
Rendering homes/show
Completed in 2ms (View: 1, DB: 0) | 200 OK [http://localhost/home]


Processing HomesController#show (for 127.0.0.1 at 2010-06-21 12:55:43) [GET]
Rendering template within layouts/application
Rendering homes/show
Completed in 2ms (View: 1, DB: 0) | 200 OK [http://localhost/home]


Processing HomesController#show (for 127.0.0.1 at 2010-06-21 12:56:15) [GET]
Rendering template within layouts/application
Rendering homes/show
Completed in 2ms (View: 1, DB: 0) | 200 OK [http://localhost/home]


Processing HomesController#show (for 127.0.0.1 at 2010-06-21 13:36:18) [GET]
Rendering template within layouts/application
Rendering homes/show
Completed in 2ms (View: 1, DB: 0) | 200 OK [http://localhost/home]


Processing HomesController#show (for 127.0.0.1 at 2010-06-21 13:38:43) [GET]
Rendering template within layouts/application
Rendering homes/show
Completed in 2ms (View: 1, DB: 0) | 200 OK [http://localhost/home]


Processing HomesController#show (for 127.0.0.1 at 2010-06-21 13:38:56) [GET]
Rendering template within layouts/application
Rendering homes/show
Completed in 2ms (View: 1, DB: 0) | 200 OK [http://localhost/home]


Processing HomesController#show (for 127.0.0.1 at 2010-06-21 14:01:36) [GET]
Rendering template within layouts/application
Rendering homes/show
Completed in 65ms (View: 64, DB: 0) | 200 OK [http://localhost/home]


Processing HomesController#show (for 127.0.0.1 at 2010-06-21 14:03:06) [GET]
Rendering template within layouts/application
Rendering homes/show
Completed in 5ms (View: 4, DB: 0) | 200 OK [http://localhost/home]


Processing HomesController#show (for 127.0.0.1 at 2010-06-21 14:03:25) [GET]
Rendering template within layouts/application
Rendering homes/show
Completed in 5ms (View: 4, DB: 0) | 200 OK [http://localhost/home]


Processing HomesController#show (for 127.0.0.1 at 2010-06-21 14:03:47) [GET]
Rendering template within layouts/application
Rendering homes/show
Completed in 2ms (View: 1, DB: 0) | 200 OK [http://localhost/home]


Processing HomesController#show (for 127.0.0.1 at 2010-06-21 14:06:47) [GET]
Rendering template within layouts/application
Rendering homes/show
Completed in 5ms (View: 4, DB: 0) | 200 OK [http://localhost/home]


Processing HomesController#show (for 127.0.0.1 at 2010-06-21 14:07:25) [GET]
Rendering template within layouts/application
Rendering homes/show
Completed in 2ms (View: 1, DB: 0) | 200 OK [http://localhost/home]


Processing HomesController#show (for 127.0.0.1 at 2010-06-21 14:08:46) [GET]
Rendering template within layouts/application
Rendering homes/show
Completed in 5ms (View: 4, DB: 0) | 200 OK [http://localhost/home]


Processing HomesController#show (for 127.0.0.1 at 2010-06-21 14:09:06) [GET]
Rendering template within layouts/application
Rendering homes/show
Completed in 4ms (View: 1, DB: 0) | 200 OK [http://localhost/home]


Processing HomesController#show (for 127.0.0.1 at 2010-06-21 14:09:21) [GET]
Rendering template within layouts/application
Rendering homes/show
Completed in 2ms (View: 1, DB: 0) | 200 OK [http://localhost/home]


Processing HomesController#show (for 127.0.0.1 at 2010-06-21 14:09:32) [GET]
Rendering template within layouts/application
Rendering homes/show
Completed in 2ms (View: 1, DB: 0) | 200 OK [http://localhost/home]


Processing HomesController#show (for 127.0.0.1 at 2010-06-21 14:09:44) [GET]
Rendering template within layouts/application
Rendering homes/show
Completed in 30ms (View: 29, DB: 0) | 200 OK [http://localhost/home]


Processing HomesController#show (for 127.0.0.1 at 2010-06-21 14:10:15) [GET]
Rendering homes/show
Completed in 2ms (View: 0, DB: 0) | 200 OK [http://localhost/home]


Processing HomesController#show (for 127.0.0.1 at 2010-06-21 14:12:21) [GET]
Rendering template within layouts/application
Rendering homes/show
Completed in 5ms (View: 4, DB: 0) | 200 OK [http://localhost/home]


Processing HomesController#show (for 127.0.0.1 at 2010-06-21 14:20:59) [GET]
Rendering template within layouts/application
Rendering homes/show
Completed in 2ms (View: 1, DB: 0) | 200 OK [http://localhost/home]


Processing HomesController#show (for 127.0.0.1 at 2010-06-21 14:21:42) [GET]
Rendering template within layouts/application
Rendering homes/show
Completed in 2ms (View: 1, DB: 0) | 200 OK [http://localhost/home]


Processing HomesController#show (for 127.0.0.1 at 2010-06-21 14:24:11) [GET]
Rendering template within layouts/application
Rendering homes/show
Completed in 2ms (View: 1, DB: 0) | 200 OK [http://localhost/home]


Processing HomesController#show (for 127.0.0.1 at 2010-06-21 14:24:46) [GET]
Rendering template within layouts/application
Rendering homes/show
Completed in 2ms (View: 1, DB: 0) | 200 OK [http://localhost/home]


Processing HomesController#show (for 127.0.0.1 at 2010-06-21 14:24:59) [GET]
Rendering template within layouts/application
Rendering homes/show
Completed in 2ms (View: 1, DB: 0) | 200 OK [http://localhost/home]


Processing HomesController#show (for 127.0.0.1 at 2010-06-21 14:27:48) [GET]
Rendering template within layouts/application
Rendering homes/show
Completed in 2ms (View: 1, DB: 0) | 200 OK [http://localhost/home]


Processing HomesController#show (for 127.0.0.1 at 2010-06-21 14:27:52) [GET]
Rendering template within layouts/application
Rendering homes/show
Completed in 2ms (View: 1, DB: 0) | 200 OK [http://localhost/home]


Processing HomesController#show (for 127.0.0.1 at 2010-06-21 15:04:29) [GET]
Rendering template within layouts/application
Rendering homes/show
Completed in 5ms (View: 4, DB: 0) | 200 OK [http://localhost/home]


Processing HomesController#show (for 127.0.0.1 at 2010-06-21 15:04:46) [GET]
Rendering template within layouts/application
Rendering homes/show
Completed in 5ms (View: 4, DB: 0) | 200 OK [http://localhost/home]


Processing HomesController#show (for 127.0.0.1 at 2010-06-21 15:05:17) [GET]
Rendering template within layouts/application
Rendering homes/show
Completed in 5ms (View: 3, DB: 0) | 200 OK [http://localhost/home]


Processing HomesController#show (for 127.0.0.1 at 2010-06-21 15:05:57) [GET]
Rendering template within layouts/application
Rendering homes/show
Completed in 2ms (View: 1, DB: 0) | 200 OK [http://localhost/home]


Processing HomesController#show (for 127.0.0.1 at 2010-06-21 15:06:13) [GET]
Rendering template within layouts/application
Rendering homes/show
Completed in 2ms (View: 1, DB: 0) | 200 OK [http://localhost/home]


Processing HomesController#show (for 127.0.0.1 at 2010-06-21 15:06:27) [GET]
Rendering template within layouts/application
Rendering homes/show
Completed in 2ms (View: 1, DB: 0) | 200 OK [http://localhost/home]


Processing HomesController#show (for 127.0.0.1 at 2010-06-21 15:08:50) [GET]
Rendering template within layouts/application
Rendering homes/show
Completed in 2ms (View: 1, DB: 0) | 200 OK [http://localhost/home]


Processing HomesController#show (for 127.0.0.1 at 2010-06-21 15:09:55) [GET]
Rendering template within layouts/application
Rendering homes/show
Completed in 2ms (View: 1, DB: 0) | 200 OK [http://localhost/home]


Processing HomesController#show (for 127.0.0.1 at 2010-06-21 15:10:31) [GET]
Rendering template within layouts/application
Rendering homes/show
Completed in 7ms (View: 1, DB: 0) | 200 OK [http://localhost/home]


Processing HomesController#show (for 127.0.0.1 at 2010-06-21 15:11:21) [GET]
Rendering template within layouts/application
Rendering homes/show
Completed in 2ms (View: 1, DB: 0) | 200 OK [http://localhost/home]


Processing HomesController#show (for 127.0.0.1 at 2010-06-21 15:15:32) [GET]
Rendering template within layouts/application
Rendering homes/show
Completed in 5ms (View: 4, DB: 0) | 200 OK [http://localhost/home]


Processing HomesController#show (for 127.0.0.1 at 2010-06-21 15:19:21) [GET]
Rendering template within layouts/application
Rendering homes/show
Completed in 63ms (View: 62, DB: 0) | 200 OK [http://localhost/home]


Processing HomesController#show (for 127.0.0.1 at 2010-06-21 15:19:24) [GET]
Rendering template within layouts/application
Rendering homes/show
Completed in 2ms (View: 1, DB: 0) | 200 OK [http://localhost/home]


Processing HomesController#show (for 127.0.0.1 at 2010-06-21 15:19:26) [GET]
Rendering template within layouts/application
Rendering homes/show
Completed in 2ms (View: 1, DB: 0) | 200 OK [http://localhost/home]


Processing HomesController#show (for 127.0.0.1 at 2010-06-21 15:19:39) [GET]
Rendering template within layouts/application
Rendering homes/show
Completed in 2ms (View: 1, DB: 0) | 200 OK [http://localhost/home]


Processing HomesController#show (for 127.0.0.1 at 2010-06-21 15:22:39) [GET]
Rendering template within layouts/application
Rendering homes/show
Completed in 2ms (View: 1, DB: 0) | 200 OK [http://localhost/home]


Processing HomesController#show (for 127.0.0.1 at 2010-06-21 15:27:56) [GET]
Rendering template within layouts/application
Rendering homes/show
Completed in 2ms (View: 1, DB: 0) | 200 OK [http://localhost/home]


Processing HomesController#show (for 127.0.0.1 at 2010-06-21 15:28:19) [GET]
Rendering template within layouts/application
Rendering homes/show
Completed in 2ms (View: 1, DB: 0) | 200 OK [http://localhost/home]


Processing HomesController#show (for 127.0.0.1 at 2010-06-21 15:29:53) [GET]
Rendering template within layouts/application
Rendering homes/show
Completed in 2ms (View: 1, DB: 0) | 200 OK [http://localhost/home]


Processing HomesController#show (for 127.0.0.1 at 2010-06-21 15:30:39) [GET]
Rendering template within layouts/application
Rendering homes/show
Completed in 2ms (View: 1, DB: 0) | 200 OK [http://localhost/home]


Processing HomesController#show (for 127.0.0.1 at 2010-06-21 15:41:47) [GET]
Rendering template within layouts/application
Rendering homes/show
Completed in 2ms (View: 1, DB: 0) | 200 OK [http://localhost/home]


Processing HomesController#show (for 127.0.0.1 at 2010-06-21 15:42:21) [GET]
Rendering template within layouts/application
Rendering homes/show
Completed in 2ms (View: 1, DB: 0) | 200 OK [http://localhost/home]


Processing HomesController#show (for 127.0.0.1 at 2010-06-21 15:42:49) [GET]
Rendering template within layouts/application
Rendering homes/show
Completed in 31ms (View: 26, DB: 0) | 200 OK [http://localhost/home]


Processing HomesController#get_apps to json (for 127.0.0.1 at 2010-06-21 15:42:55) [GET]

ActionController::UnknownAction (No action responded to get_apps. Actions: show):
  

Rendering rescues/layout (not_found)


Processing HomesController#show (for 127.0.0.1 at 2010-06-21 15:44:26) [GET]
Rendering template within layouts/application
Rendering homes/show
Completed in 2ms (View: 1, DB: 0) | 200 OK [http://localhost/home]


Processing HomesController#get_apps to json (for 127.0.0.1 at 2010-06-21 15:44:30) [GET]
Completed in 2ms (View: 0, DB: 0) | 200 OK [http://localhost/home/get_apps.json]


Processing HomesController#show (for 127.0.0.1 at 2010-06-21 15:44:45) [GET]
Rendering template within layouts/application
Rendering homes/show
Completed in 2ms (View: 1, DB: 0) | 200 OK [http://localhost/home]


Processing HomesController#get_apps to json (for 127.0.0.1 at 2010-06-21 15:44:49) [GET]
Completed in 4ms (View: 3, DB: 0) | 200 OK [http://localhost/home/get_apps.json]


Processing HomesController#show (for 127.0.0.1 at 2010-06-21 17:35:51) [GET]
Rendering template within layouts/application
Rendering homes/show
Completed in 2ms (View: 1, DB: 0) | 200 OK [http://localhost/home]


Processing HomesController#show (for 127.0.0.1 at 2010-06-21 17:36:15) [GET]
Rendering template within layouts/application
Rendering homes/show
Completed in 2ms (View: 1, DB: 0) | 200 OK [http://localhost/home]


Processing HomesController#show (for 127.0.0.1 at 2010-06-21 17:38:38) [GET]
Rendering template within layouts/application
Rendering homes/show
Completed in 2ms (View: 1, DB: 0) | 200 OK [http://localhost/home]
