This file contains any messages produced by compilers while
running configure, to aid debugging if configure makes a mistake.

It was created by json-c configure 0.9, which was
generated by GNU Autoconf 2.63.  Invocation command line was

  $ ./configure 

## --------- ##
## Platform. ##
## --------- ##

hostname = Cid-Denniss-MacBook-Pro.local
uname -m = i386
uname -r = 10.4.0
uname -s = Darwin
uname -v = Darwin Kernel Version 10.4.0: Fri Apr 23 18:28:53 PDT 2010; root:xnu-1504.7.4~1/RELEASE_I386

/usr/bin/uname -p = i386
/bin/uname -X     = unknown

/bin/arch              = unknown
/usr/bin/arch -k       = unknown
/usr/convex/getsysinfo = unknown
/usr/bin/hostinfo      = Mach kernel version:
	 Darwin Kernel Version 10.4.0: Fri Apr 23 18:28:53 PDT 2010; root:xnu-1504.7.4~1/RELEASE_I386
Kernel configured for up to 2 processors.
2 processors are physically available.
2 processors are logically available.
Processor type: i486 (Intel 80486)
Processors active: 0 1
Primary memory available: 8.00 gigabytes
Default processor set: 103 tasks, 527 threads, 2 processors
Load average: 0.67, Mach factor: 1.32
/bin/machine           = unknown
/usr/bin/oslevel       = unknown
/bin/universe          = unknown

PATH: /opt/local/bin
PATH: /opt/local/sbin
PATH: /opt/local/bin
PATH: /opt/local/sbin
PATH: /usr/bin
PATH: /bin
PATH: /usr/sbin
PATH: /sbin
PATH: /usr/local/bin
PATH: /usr/X11/bin
PATH: /Users/ciddennis/bin
PATH: /usr/local/mysql/bin


## ----------- ##
## Core tests. ##
## ----------- ##

configure:2065: checking for a BSD-compatible install
configure:2133: result: /usr/bin/install -c
configure:2144: checking whether build environment is sane
configure:2187: result: yes
configure:2212: checking for a thread-safe mkdir -p
configure:2251: result: ./install-sh -c -d
configure:2264: checking for gawk
configure:2294: result: no
configure:2264: checking for mawk
configure:2294: result: no
configure:2264: checking for nawk
configure:2294: result: no
configure:2264: checking for awk
configure:2280: found /usr/bin/awk
configure:2291: result: awk
configure:2302: checking whether make sets $(MAKE)
configure:2324: result: yes
configure:2528: checking for style of include used by make
configure:2556: result: GNU
configure:2626: checking for gcc
configure:2642: found /usr/bin/gcc
configure:2653: result: gcc
configure:2885: checking for C compiler version
configure:2893: gcc --version >&5
i686-apple-darwin10-gcc-4.2.1 (GCC) 4.2.1 (Apple Inc. build 5664)
Copyright (C) 2007 Free Software Foundation, Inc.
This is free software; see the source for copying conditions.  There is NO
warranty; not even for MERCHANTABILITY or FITNESS FOR A PARTICULAR PURPOSE.

configure:2897: $? = 0
configure:2904: gcc -v >&5
Using built-in specs.
Target: i686-apple-darwin10
Configured with: /var/tmp/gcc/gcc-5664~38/src/configure --disable-checking --enable-werror --prefix=/usr --mandir=/share/man --enable-languages=c,objc,c++,obj-c++ --program-transform-name=/^[cg][^.-]*$/s/$/-4.2/ --with-slibdir=/usr/lib --build=i686-apple-darwin10 --program-prefix=i686-apple-darwin10- --host=x86_64-apple-darwin10 --target=i686-apple-darwin10 --with-gxx-include-dir=/include/c++/4.2.1
Thread model: posix
gcc version 4.2.1 (Apple Inc. build 5664)
configure:2908: $? = 0
configure:2915: gcc -V >&5
gcc-4.2: argument to `-V' is missing
configure:2919: $? = 1
configure:2942: checking for C compiler default output file name
configure:2964: gcc    conftest.c  >&5
configure:2968: $? = 0
configure:3006: result: a.out
configure:3025: checking whether the C compiler works
configure:3035: ./a.out
configure:3039: $? = 0
configure:3058: result: yes
configure:3065: checking whether we are cross compiling
configure:3067: result: no
configure:3070: checking for suffix of executables
configure:3077: gcc -o conftest    conftest.c  >&5
configure:3081: $? = 0
configure:3107: result: 
configure:3113: checking for suffix of object files
configure:3139: gcc -c   conftest.c >&5
configure:3143: $? = 0
configure:3168: result: o
configure:3172: checking whether we are using the GNU C compiler
configure:3201: gcc -c   conftest.c >&5
configure:3208: $? = 0
configure:3225: result: yes
configure:3234: checking whether gcc accepts -g
configure:3264: gcc -c -g  conftest.c >&5
configure:3271: $? = 0
configure:3372: result: yes
configure:3389: checking for gcc option to accept ISO C89
configure:3463: gcc  -c -g -O2  conftest.c >&5
configure:3470: $? = 0
configure:3493: result: none needed
configure:3513: checking dependency style of gcc
configure:3604: result: gcc3
configure:3625: checking how to run the C preprocessor
configure:3665: gcc -E  conftest.c
configure:3672: $? = 0
configure:3703: gcc -E  conftest.c
conftest.c:10:28: error: ac_nonexistent.h: No such file or directory
configure:3710: $? = 1
configure: failed program was:
| /* confdefs.h.  */
| #define PACKAGE_NAME "json-c"
| #define PACKAGE_TARNAME "json-c"
| #define PACKAGE_VERSION "0.9"
| #define PACKAGE_STRING "json-c 0.9"
| #define PACKAGE_BUGREPORT "michael@metaparadigm.com"
| #define PACKAGE "json-c"
| #define VERSION "0.9"
| /* end confdefs.h.  */
| #include <ac_nonexistent.h>
configure:3743: result: gcc -E
configure:3772: gcc -E  conftest.c
configure:3779: $? = 0
configure:3810: gcc -E  conftest.c
conftest.c:10:28: error: ac_nonexistent.h: No such file or directory
configure:3817: $? = 1
configure: failed program was:
| /* confdefs.h.  */
| #define PACKAGE_NAME "json-c"
| #define PACKAGE_TARNAME "json-c"
| #define PACKAGE_VERSION "0.9"
| #define PACKAGE_STRING "json-c 0.9"
| #define PACKAGE_BUGREPORT "michael@metaparadigm.com"
| #define PACKAGE "json-c"
| #define VERSION "0.9"
| /* end confdefs.h.  */
| #include <ac_nonexistent.h>
configure:3857: checking for grep that handles long lines and -e
configure:3917: result: /usr/bin/grep
configure:3922: checking for egrep
configure:3986: result: /usr/bin/grep -E
configure:3991: checking for ANSI C header files
configure:4021: gcc -c -g -O2  conftest.c >&5
configure:4028: $? = 0
configure:4127: gcc -o conftest -g -O2   conftest.c  >&5
configure:4131: $? = 0
configure:4137: ./conftest
configure:4141: $? = 0
configure:4159: result: yes
configure:4183: checking for sys/types.h
configure:4204: gcc -c -g -O2  conftest.c >&5
configure:4211: $? = 0
configure:4228: result: yes
configure:4183: checking for sys/stat.h
configure:4204: gcc -c -g -O2  conftest.c >&5
configure:4211: $? = 0
configure:4228: result: yes
configure:4183: checking for stdlib.h
configure:4204: gcc -c -g -O2  conftest.c >&5
configure:4211: $? = 0
configure:4228: result: yes
configure:4183: checking for string.h
configure:4204: gcc -c -g -O2  conftest.c >&5
configure:4211: $? = 0
configure:4228: result: yes
configure:4183: checking for memory.h
configure:4204: gcc -c -g -O2  conftest.c >&5
configure:4211: $? = 0
configure:4228: result: yes
configure:4183: checking for strings.h
configure:4204: gcc -c -g -O2  conftest.c >&5
configure:4211: $? = 0
configure:4228: result: yes
configure:4183: checking for inttypes.h
configure:4204: gcc -c -g -O2  conftest.c >&5
configure:4211: $? = 0
configure:4228: result: yes
configure:4183: checking for stdint.h
configure:4204: gcc -c -g -O2  conftest.c >&5
configure:4211: $? = 0
configure:4228: result: yes
configure:4183: checking for unistd.h
configure:4204: gcc -c -g -O2  conftest.c >&5
configure:4211: $? = 0
configure:4228: result: yes
configure:4264: checking fcntl.h usability
configure:4281: gcc -c -g -O2  conftest.c >&5
configure:4288: $? = 0
configure:4302: result: yes
configure:4306: checking fcntl.h presence
configure:4321: gcc -E  conftest.c
configure:4328: $? = 0
configure:4342: result: yes
configure:4375: checking for fcntl.h
configure:4384: result: yes
configure:4264: checking limits.h usability
configure:4281: gcc -c -g -O2  conftest.c >&5
configure:4288: $? = 0
configure:4302: result: yes
configure:4306: checking limits.h presence
configure:4321: gcc -E  conftest.c
configure:4328: $? = 0
configure:4342: result: yes
configure:4375: checking for limits.h
configure:4384: result: yes
configure:4253: checking for strings.h
configure:4260: result: yes
configure:4264: checking syslog.h usability
configure:4281: gcc -c -g -O2  conftest.c >&5
configure:4288: $? = 0
configure:4302: result: yes
configure:4306: checking syslog.h presence
configure:4321: gcc -E  conftest.c
configure:4328: $? = 0
configure:4342: result: yes
configure:4375: checking for syslog.h
configure:4384: result: yes
configure:4253: checking for unistd.h
configure:4260: result: yes
configure:4264: checking sys/param.h usability
configure:4281: gcc -c -g -O2  conftest.c >&5
configure:4288: $? = 0
configure:4302: result: yes
configure:4306: checking sys/param.h presence
configure:4321: gcc -E  conftest.c
configure:4328: $? = 0
configure:4342: result: yes
configure:4375: checking for sys/param.h
configure:4384: result: yes
configure:4264: checking stdarg.h usability
configure:4281: gcc -c -g -O2  conftest.c >&5
configure:4288: $? = 0
configure:4302: result: yes
configure:4306: checking stdarg.h presence
configure:4321: gcc -E  conftest.c
configure:4328: $? = 0
configure:4342: result: yes
configure:4375: checking for stdarg.h
configure:4384: result: yes
configure:4401: checking for an ANSI C-conforming const
configure:4476: gcc -c -g -O2  conftest.c >&5
configure:4483: $? = 0
configure:4498: result: yes
configure:4508: checking for size_t
configure:4536: gcc -c -g -O2  conftest.c >&5
configure:4543: $? = 0
configure:4570: gcc -c -g -O2  conftest.c >&5
conftest.c: In function 'main':
conftest.c:63: error: expected expression before ')' token
configure:4577: $? = 1
configure: failed program was:
| /* confdefs.h.  */
| #define PACKAGE_NAME "json-c"
| #define PACKAGE_TARNAME "json-c"
| #define PACKAGE_VERSION "0.9"
| #define PACKAGE_STRING "json-c 0.9"
| #define PACKAGE_BUGREPORT "michael@metaparadigm.com"
| #define PACKAGE "json-c"
| #define VERSION "0.9"
| #define STDC_HEADERS 1
| #define HAVE_SYS_TYPES_H 1
| #define HAVE_SYS_STAT_H 1
| #define HAVE_STDLIB_H 1
| #define HAVE_STRING_H 1
| #define HAVE_MEMORY_H 1
| #define HAVE_STRINGS_H 1
| #define HAVE_INTTYPES_H 1
| #define HAVE_STDINT_H 1
| #define HAVE_UNISTD_H 1
| #define HAVE_FCNTL_H 1
| #define HAVE_LIMITS_H 1
| #define HAVE_STRINGS_H 1
| #define HAVE_SYSLOG_H 1
| #define HAVE_UNISTD_H 1
| #define HAVE_SYS_PARAM_H 1
| #define HAVE_STDARG_H 1
| /* end confdefs.h.  */
| #include <stdio.h>
| #ifdef HAVE_SYS_TYPES_H
| # include <sys/types.h>
| #endif
| #ifdef HAVE_SYS_STAT_H
| # include <sys/stat.h>
| #endif
| #ifdef STDC_HEADERS
| # include <stdlib.h>
| # include <stddef.h>
| #else
| # ifdef HAVE_STDLIB_H
| #  include <stdlib.h>
| # endif
| #endif
| #ifdef HAVE_STRING_H
| # if !defined STDC_HEADERS && defined HAVE_MEMORY_H
| #  include <memory.h>
| # endif
| # include <string.h>
| #endif
| #ifdef HAVE_STRINGS_H
| # include <strings.h>
| #endif
| #ifdef HAVE_INTTYPES_H
| # include <inttypes.h>
| #endif
| #ifdef HAVE_STDINT_H
| # include <stdint.h>
| #endif
| #ifdef HAVE_UNISTD_H
| # include <unistd.h>
| #endif
| int
| main ()
| {
| if (sizeof ((size_t)))
| 	  return 0;
|   ;
|   return 0;
| }
configure:4600: result: yes
configure:4618: checking for vprintf
configure:4674: gcc -o conftest -g -O2   conftest.c  >&5
conftest.c:50: warning: conflicting types for built-in function 'vprintf'
configure:4681: $? = 0
configure:4703: result: yes
configure:4712: checking for _doprnt
configure:4768: gcc -o conftest -g -O2   conftest.c  >&5
Undefined symbols:
  "__doprnt", referenced from:
      _main in ccyHGV2w.o
ld: symbol(s) not found
collect2: ld returned 1 exit status
configure:4775: $? = 1
configure: failed program was:
| /* confdefs.h.  */
| #define PACKAGE_NAME "json-c"
| #define PACKAGE_TARNAME "json-c"
| #define PACKAGE_VERSION "0.9"
| #define PACKAGE_STRING "json-c 0.9"
| #define PACKAGE_BUGREPORT "michael@metaparadigm.com"
| #define PACKAGE "json-c"
| #define VERSION "0.9"
| #define STDC_HEADERS 1
| #define HAVE_SYS_TYPES_H 1
| #define HAVE_SYS_STAT_H 1
| #define HAVE_STDLIB_H 1
| #define HAVE_STRING_H 1
| #define HAVE_MEMORY_H 1
| #define HAVE_STRINGS_H 1
| #define HAVE_INTTYPES_H 1
| #define HAVE_STDINT_H 1
| #define HAVE_UNISTD_H 1
| #define HAVE_FCNTL_H 1
| #define HAVE_LIMITS_H 1
| #define HAVE_STRINGS_H 1
| #define HAVE_SYSLOG_H 1
| #define HAVE_UNISTD_H 1
| #define HAVE_SYS_PARAM_H 1
| #define HAVE_STDARG_H 1
| #define HAVE_VPRINTF 1
| /* end confdefs.h.  */
| /* Define _doprnt to an innocuous variant, in case <limits.h> declares _doprnt.
|    For example, HP-UX 11i <limits.h> declares gettimeofday.  */
| #define _doprnt innocuous__doprnt
| 
| /* System header to define __stub macros and hopefully few prototypes,
|     which can conflict with char _doprnt (); below.
|     Prefer <limits.h> to <assert.h> if __STDC__ is defined, since
|     <limits.h> exists even on freestanding compilers.  */
| 
| #ifdef __STDC__
| # include <limits.h>
| #else
| # include <assert.h>
| #endif
| 
| #undef _doprnt
| 
| /* Override any GCC internal prototype to avoid an error.
|    Use char because int might match the return type of a GCC
|    builtin and then its argument prototype would still apply.  */
| #ifdef __cplusplus
| extern "C"
| #endif
| char _doprnt ();
| /* The GNU C library defines this for functions which it implements
|     to always fail with ENOSYS.  Some functions are actually named
|     something starting with __ and the normal name is an alias.  */
| #if defined __stub__doprnt || defined __stub____doprnt
| choke me
| #endif
| 
| int
| main ()
| {
| return _doprnt ();
|   ;
|   return 0;
| }
configure:4795: result: no
configure:4809: checking for working memcmp
configure:4862: gcc -o conftest -g -O2   conftest.c  >&5
configure:4866: $? = 0
configure:4872: ./conftest
configure:4876: $? = 0
configure:4893: result: yes
configure:4907: checking for stdlib.h
configure:4914: result: yes
configure:5053: checking for GNU libc compatible malloc
configure:5087: gcc -o conftest -g -O2   conftest.c  >&5
configure:5091: $? = 0
configure:5097: ./conftest
configure:5101: $? = 0
configure:5118: result: yes
configure:5151: checking for stdlib.h
configure:5158: result: yes
configure:5297: checking for GNU libc compatible realloc
configure:5331: gcc -o conftest -g -O2   conftest.c  >&5
configure:5335: $? = 0
configure:5341: ./conftest
configure:5345: $? = 0
configure:5362: result: yes
configure:5400: checking for strndup
configure:5456: gcc -o conftest -g -O2   conftest.c  >&5
conftest.c:55: warning: conflicting types for built-in function 'strndup'
Undefined symbols:
  "_strndup", referenced from:
      _main in ccDVjh2n.o
ld: symbol(s) not found
collect2: ld returned 1 exit status
configure:5463: $? = 1
configure: failed program was:
| /* confdefs.h.  */
| #define PACKAGE_NAME "json-c"
| #define PACKAGE_TARNAME "json-c"
| #define PACKAGE_VERSION "0.9"
| #define PACKAGE_STRING "json-c 0.9"
| #define PACKAGE_BUGREPORT "michael@metaparadigm.com"
| #define PACKAGE "json-c"
| #define VERSION "0.9"
| #define STDC_HEADERS 1
| #define HAVE_SYS_TYPES_H 1
| #define HAVE_SYS_STAT_H 1
| #define HAVE_STDLIB_H 1
| #define HAVE_STRING_H 1
| #define HAVE_MEMORY_H 1
| #define HAVE_STRINGS_H 1
| #define HAVE_INTTYPES_H 1
| #define HAVE_STDINT_H 1
| #define HAVE_UNISTD_H 1
| #define HAVE_FCNTL_H 1
| #define HAVE_LIMITS_H 1
| #define HAVE_STRINGS_H 1
| #define HAVE_SYSLOG_H 1
| #define HAVE_UNISTD_H 1
| #define HAVE_SYS_PARAM_H 1
| #define HAVE_STDARG_H 1
| #define HAVE_VPRINTF 1
| #define HAVE_STDLIB_H 1
| #define HAVE_MALLOC 1
| #define HAVE_STDLIB_H 1
| #define HAVE_REALLOC 1
| /* end confdefs.h.  */
| /* Define strndup to an innocuous variant, in case <limits.h> declares strndup.
|    For example, HP-UX 11i <limits.h> declares gettimeofday.  */
| #define strndup innocuous_strndup
| 
| /* System header to define __stub macros and hopefully few prototypes,
|     which can conflict with char strndup (); below.
|     Prefer <limits.h> to <assert.h> if __STDC__ is defined, since
|     <limits.h> exists even on freestanding compilers.  */
| 
| #ifdef __STDC__
| # include <limits.h>
| #else
| # include <assert.h>
| #endif
| 
| #undef strndup
| 
| /* Override any GCC internal prototype to avoid an error.
|    Use char because int might match the return type of a GCC
|    builtin and then its argument prototype would still apply.  */
| #ifdef __cplusplus
| extern "C"
| #endif
| char strndup ();
| /* The GNU C library defines this for functions which it implements
|     to always fail with ENOSYS.  Some functions are actually named
|     something starting with __ and the normal name is an alias.  */
| #if defined __stub_strndup || defined __stub___strndup
| choke me
| #endif
| 
| int
| main ()
| {
| return strndup ();
|   ;
|   return 0;
| }
configure:5485: result: no
configure:5400: checking for strerror
configure:5456: gcc -o conftest -g -O2   conftest.c  >&5
configure:5463: $? = 0
configure:5485: result: yes
configure:5400: checking for vsnprintf
configure:5456: gcc -o conftest -g -O2   conftest.c  >&5
conftest.c:56: warning: conflicting types for built-in function 'vsnprintf'
configure:5463: $? = 0
configure:5485: result: yes
configure:5400: checking for vasprintf
configure:5456: gcc -o conftest -g -O2   conftest.c  >&5
configure:5463: $? = 0
configure:5485: result: yes
configure:5400: checking for open
configure:5456: gcc -o conftest -g -O2   conftest.c  >&5
configure:5463: $? = 0
configure:5485: result: yes
configure:5400: checking for vsyslog
configure:5456: gcc -o conftest -g -O2   conftest.c  >&5
configure:5463: $? = 0
configure:5485: result: yes
configure:5400: checking for strncasecmp
configure:5456: gcc -o conftest -g -O2   conftest.c  >&5
conftest.c:60: warning: conflicting types for built-in function 'strncasecmp'
configure:5463: $? = 0
configure:5485: result: yes
configure:5529: checking build system type
configure:5547: result: i386-apple-darwin10.4.0
configure:5569: checking host system type
configure:5584: result: i386-apple-darwin10.4.0
configure:5606: checking for a sed that does not truncate output
configure:5672: result: /usr/bin/sed
configure:5690: checking for fgrep
configure:5754: result: /usr/bin/grep -F
configure:5789: checking for ld used by gcc
configure:5856: result: /usr/libexec/gcc/i686-apple-darwin10/4.2.1/ld
configure:5865: checking if the linker (/usr/libexec/gcc/i686-apple-darwin10/4.2.1/ld) is GNU ld
configure:5880: result: no
configure:5892: checking for BSD- or MS-compatible name lister (nm)
configure:5941: result: /usr/bin/nm
configure:6059: checking the name lister (/usr/bin/nm) interface
configure:6066: gcc -c -g -O2  conftest.c >&5
configure:6069: /usr/bin/nm "conftest.o"
configure:6072: output
0000000000000198 D _some_variable
configure:6079: result: BSD nm
configure:6082: checking whether ln -s works
configure:6086: result: yes
configure:6094: checking the maximum length of command line arguments
configure:6214: result: 196608
configure:6231: checking whether the shell understands some XSI constructs
configure:6241: result: yes
configure:6245: checking whether the shell understands "+="
configure:6251: result: yes
configure:6286: checking for /usr/libexec/gcc/i686-apple-darwin10/4.2.1/ld option to reload object files
configure:6293: result: -r
configure:6362: checking for objdump
configure:6392: result: no
configure:6421: checking how to recognize dependent libraries
configure:6617: result: pass_all
configure:6677: checking for ar
configure:6693: found /usr/bin/ar
configure:6704: result: ar
configure:6782: checking for strip
configure:6798: found /usr/bin/strip
configure:6809: result: strip
configure:6881: checking for ranlib
configure:6897: found /usr/bin/ranlib
configure:6908: result: ranlib
configure:6998: checking command to parse /usr/bin/nm output from gcc object
configure:7116: gcc -c -g -O2  conftest.c >&5
configure:7119: $? = 0
configure:7123: /usr/bin/nm conftest.o \| sed -n -e 's/^.*[	 ]\([BCDEGRST][BCDEGRST]*\)[	 ][	 ]*\([_A-Za-z][_A-Za-z0-9]*\)$/\1 \2 \2/p' \> conftest.nm
configure:7126: $? = 0
cannot find nm_test_var in conftest.nm
configure:7116: gcc -c -g -O2  conftest.c >&5
configure:7119: $? = 0
configure:7123: /usr/bin/nm conftest.o \| sed -n -e 's/^.*[	 ]\([BCDEGRST][BCDEGRST]*\)[	 ][	 ]*_\([_A-Za-z][_A-Za-z0-9]*\)$/\1 _\2 \2/p' \> conftest.nm
configure:7126: $? = 0
configure:7180: gcc -o conftest -g -O2   conftest.c conftstm.o >&5
configure:7183: $? = 0
configure:7221: result: ok
configure:7514: checking for dsymutil
configure:7530: found /usr/bin/dsymutil
configure:7541: result: dsymutil
configure:7606: checking for nmedit
configure:7622: found /usr/bin/nmedit
configure:7633: result: nmedit
configure:7698: checking for lipo
configure:7714: found /usr/bin/lipo
configure:7725: result: lipo
configure:7790: checking for otool
configure:7806: found /usr/bin/otool
configure:7817: result: otool
configure:7882: checking for otool64
configure:7912: result: no
configure:7957: checking for -single_module linker flag
gcc -g -O2  -o libconftest.dylib -dynamiclib -Wl,-single_module conftest.c
configure:7984: result: yes
configure:7986: checking for -exported_symbols_list linker flag
configure:8016: gcc -o conftest -g -O2   -Wl,-exported_symbols_list,conftest.sym conftest.c  >&5
configure:8023: $? = 0
configure:8045: result: yes
configure:8086: checking for dlfcn.h
configure:8107: gcc -c -g -O2  conftest.c >&5
configure:8114: $? = 0
configure:8131: result: yes
configure:8317: checking for objdir
configure:8332: result: .libs
configure:8624: checking if gcc supports -fno-rtti -fno-exceptions
configure:8642: gcc -c -g -O2  -fno-rtti -fno-exceptions conftest.c >&5
cc1: warning: command line option "-fno-rtti" is valid for C++/ObjC++ but not for C
configure:8646: $? = 0
configure:8659: result: no
configure:8679: checking for gcc option to produce PIC
configure:8951: result: -fno-common -DPIC
configure:8963: checking if gcc PIC flag -fno-common -DPIC works
configure:8981: gcc -c -g -O2  -fno-common -DPIC -DPIC conftest.c >&5
configure:8985: $? = 0
configure:8998: result: yes
configure:9022: checking if gcc static flag -static works
configure:9050: result: no
configure:9065: checking if gcc supports -c -o file.o
configure:9086: gcc -c -g -O2  -o out/conftest2.o conftest.c >&5
configure:9090: $? = 0
configure:9112: result: yes
configure:9120: checking if gcc supports -c -o file.o
configure:9167: result: yes
configure:9200: checking whether the gcc linker (/usr/libexec/gcc/i686-apple-darwin10/4.2.1/ld) supports shared libraries
configure:10275: result: yes
configure:10514: checking dynamic linker characteristics
configure:11209: result: darwin10.4.0 dyld
configure:11311: checking how to hardcode library paths into programs
configure:11336: result: immediate
configure:12169: checking whether stripping libraries is possible
configure:12183: result: yes
configure:12209: checking if libtool supports shared libraries
configure:12211: result: yes
configure:12214: checking whether to build shared libraries
configure:12235: result: yes
configure:12238: checking whether to build static libraries
configure:12242: result: yes
configure:12396: creating ./config.status

## ---------------------- ##
## Running config.status. ##
## ---------------------- ##

This file was extended by json-c config.status 0.9, which was
generated by GNU Autoconf 2.63.  Invocation command line was

  CONFIG_FILES    = 
  CONFIG_HEADERS  = 
  CONFIG_LINKS    = 
  CONFIG_COMMANDS = 
  $ ./config.status 

on Cid-Denniss-MacBook-Pro.local

config.status:997: creating Makefile
config.status:997: creating json.pc
config.status:997: creating config.h
config.status:1271: executing depfiles commands
config.status:1271: executing libtool commands

## ---------------- ##
## Cache variables. ##
## ---------------- ##

ac_cv_build=i386-apple-darwin10.4.0
ac_cv_c_compiler_gnu=yes
ac_cv_c_const=yes
ac_cv_env_CC_set=
ac_cv_env_CC_value=
ac_cv_env_CFLAGS_set=
ac_cv_env_CFLAGS_value=
ac_cv_env_CPPFLAGS_set=
ac_cv_env_CPPFLAGS_value=
ac_cv_env_CPP_set=
ac_cv_env_CPP_value=
ac_cv_env_LDFLAGS_set=
ac_cv_env_LDFLAGS_value=
ac_cv_env_LIBS_set=
ac_cv_env_LIBS_value=
ac_cv_env_build_alias_set=
ac_cv_env_build_alias_value=
ac_cv_env_host_alias_set=
ac_cv_env_host_alias_value=
ac_cv_env_target_alias_set=
ac_cv_env_target_alias_value=
ac_cv_func__doprnt=no
ac_cv_func_malloc_0_nonnull=yes
ac_cv_func_memcmp_working=yes
ac_cv_func_open=yes
ac_cv_func_realloc_0_nonnull=yes
ac_cv_func_strerror=yes
ac_cv_func_strncasecmp=yes
ac_cv_func_strndup=no
ac_cv_func_vasprintf=yes
ac_cv_func_vprintf=yes
ac_cv_func_vsnprintf=yes
ac_cv_func_vsyslog=yes
ac_cv_header_dlfcn_h=yes
ac_cv_header_fcntl_h=yes
ac_cv_header_inttypes_h=yes
ac_cv_header_limits_h=yes
ac_cv_header_memory_h=yes
ac_cv_header_stdarg_h=yes
ac_cv_header_stdc=yes
ac_cv_header_stdint_h=yes
ac_cv_header_stdlib_h=yes
ac_cv_header_string_h=yes
ac_cv_header_strings_h=yes
ac_cv_header_sys_param_h=yes
ac_cv_header_sys_stat_h=yes
ac_cv_header_sys_types_h=yes
ac_cv_header_syslog_h=yes
ac_cv_header_unistd_h=yes
ac_cv_host=i386-apple-darwin10.4.0
ac_cv_objext=o
ac_cv_path_EGREP='/usr/bin/grep -E'
ac_cv_path_FGREP='/usr/bin/grep -F'
ac_cv_path_GREP=/usr/bin/grep
ac_cv_path_SED=/usr/bin/sed
ac_cv_path_install='/usr/bin/install -c'
ac_cv_prog_AWK=awk
ac_cv_prog_CPP='gcc -E'
ac_cv_prog_ac_ct_AR=ar
ac_cv_prog_ac_ct_CC=gcc
ac_cv_prog_ac_ct_DSYMUTIL=dsymutil
ac_cv_prog_ac_ct_LIPO=lipo
ac_cv_prog_ac_ct_NMEDIT=nmedit
ac_cv_prog_ac_ct_OTOOL=otool
ac_cv_prog_ac_ct_RANLIB=ranlib
ac_cv_prog_ac_ct_STRIP=strip
ac_cv_prog_cc_c89=
ac_cv_prog_cc_g=yes
ac_cv_prog_make_make_set=yes
ac_cv_type_size_t=yes
am_cv_CC_dependencies_compiler_type=gcc3
lt_cv_apple_cc_single_mod=yes
lt_cv_deplibs_check_method=pass_all
lt_cv_file_magic_cmd='$MAGIC_CMD'
lt_cv_file_magic_test_file=
lt_cv_ld_exported_symbols_list=yes
lt_cv_ld_reload_flag=-r
lt_cv_nm_interface='BSD nm'
lt_cv_objdir=.libs
lt_cv_path_LD=/usr/libexec/gcc/i686-apple-darwin10/4.2.1/ld
lt_cv_path_NM=/usr/bin/nm
lt_cv_prog_compiler_c_o=yes
lt_cv_prog_compiler_pic_works=yes
lt_cv_prog_compiler_rtti_exceptions=no
lt_cv_prog_compiler_static_works=no
lt_cv_prog_gnu_ld=no
lt_cv_sys_global_symbol_pipe='sed -n -e '\''s/^.*[	 ]\([BCDEGRST][BCDEGRST]*\)[	 ][	 ]*_\([_A-Za-z][_A-Za-z0-9]*\)$/\1 _\2 \2/p'\'''
lt_cv_sys_global_symbol_to_c_name_address='sed -n -e '\''s/^: \([^ ]*\) $/  {\"\1\", (void *) 0},/p'\'' -e '\''s/^[BCDEGRST]* \([^ ]*\) \([^ ]*\)$/  {"\2", (void *) \&\2},/p'\'''
lt_cv_sys_global_symbol_to_c_name_address_lib_prefix='sed -n -e '\''s/^: \([^ ]*\) $/  {\"\1\", (void *) 0},/p'\'' -e '\''s/^[BCDEGRST]* \([^ ]*\) \(lib[^ ]*\)$/  {"\2", (void *) \&\2},/p'\'' -e '\''s/^[BCDEGRST]* \([^ ]*\) \([^ ]*\)$/  {"lib\2", (void *) \&\2},/p'\'''
lt_cv_sys_global_symbol_to_cdecl='sed -n -e '\''s/^T .* \(.*\)$/extern int \1();/p'\'' -e '\''s/^[BCDEGRST]* .* \(.*\)$/extern char \1;/p'\'''
lt_cv_sys_max_cmd_len=196608

## ----------------- ##
## Output variables. ##
## ----------------- ##

ACLOCAL='${SHELL} /Users/ciddennis/Development/sandboxes/cid/parser/json-c-0.9/missing --run aclocal-1.10'
AMDEPBACKSLASH='\'
AMDEP_FALSE='#'
AMDEP_TRUE=''
AMTAR='${SHELL} /Users/ciddennis/Development/sandboxes/cid/parser/json-c-0.9/missing --run tar'
AR='ar'
AUTOCONF='${SHELL} /Users/ciddennis/Development/sandboxes/cid/parser/json-c-0.9/missing --run autoconf'
AUTOHEADER='${SHELL} /Users/ciddennis/Development/sandboxes/cid/parser/json-c-0.9/missing --run autoheader'
AUTOMAKE='${SHELL} /Users/ciddennis/Development/sandboxes/cid/parser/json-c-0.9/missing --run automake-1.10'
AWK='awk'
CC='gcc'
CCDEPMODE='depmode=gcc3'
CFLAGS='-g -O2'
CPP='gcc -E'
CPPFLAGS=''
CYGPATH_W='echo'
DEFS='-DHAVE_CONFIG_H'
DEPDIR='.deps'
DSYMUTIL='dsymutil'
DUMPBIN=''
ECHO_C='\c'
ECHO_N=''
ECHO_T=''
EGREP='/usr/bin/grep -E'
EXEEXT=''
FGREP='/usr/bin/grep -F'
GREP='/usr/bin/grep'
INSTALL_DATA='${INSTALL} -m 644'
INSTALL_PROGRAM='${INSTALL}'
INSTALL_SCRIPT='${INSTALL}'
INSTALL_STRIP_PROGRAM='$(install_sh) -c -s'
LD='/usr/libexec/gcc/i686-apple-darwin10/4.2.1/ld'
LDFLAGS=''
LIBOBJS=''
LIBS=''
LIBTOOL='$(SHELL) $(top_builddir)/libtool'
LIPO='lipo'
LN_S='ln -s'
LTLIBOBJS=''
MAKEINFO='${SHELL} /Users/ciddennis/Development/sandboxes/cid/parser/json-c-0.9/missing --run makeinfo'
MKDIR_P='./install-sh -c -d'
NM='/usr/bin/nm'
NMEDIT='nmedit'
OBJDUMP='false'
OBJEXT='o'
OTOOL64=':'
OTOOL='otool'
PACKAGE='json-c'
PACKAGE_BUGREPORT='michael@metaparadigm.com'
PACKAGE_NAME='json-c'
PACKAGE_STRING='json-c 0.9'
PACKAGE_TARNAME='json-c'
PACKAGE_VERSION='0.9'
PATH_SEPARATOR=':'
RANLIB='ranlib'
SED='/usr/bin/sed'
SET_MAKE=''
SHELL='/bin/sh'
STRIP='strip'
VERSION='0.9'
ac_ct_CC='gcc'
ac_ct_DUMPBIN=''
am__fastdepCC_FALSE='#'
am__fastdepCC_TRUE=''
am__include='include'
am__isrc=''
am__leading_dot='.'
am__quote=''
am__tar='${AMTAR} chof - "$$tardir"'
am__untar='${AMTAR} xf -'
bindir='${exec_prefix}/bin'
build='i386-apple-darwin10.4.0'
build_alias=''
build_cpu='i386'
build_os='darwin10.4.0'
build_vendor='apple'
datadir='${datarootdir}'
datarootdir='${prefix}/share'
docdir='${datarootdir}/doc/${PACKAGE_TARNAME}'
dvidir='${docdir}'
exec_prefix='${prefix}'
host='i386-apple-darwin10.4.0'
host_alias=''
host_cpu='i386'
host_os='darwin10.4.0'
host_vendor='apple'
htmldir='${docdir}'
includedir='${prefix}/include'
infodir='${datarootdir}/info'
install_sh='$(SHELL) /Users/ciddennis/Development/sandboxes/cid/parser/json-c-0.9/install-sh'
libdir='${exec_prefix}/lib'
libexecdir='${exec_prefix}/libexec'
localedir='${datarootdir}/locale'
localstatedir='${prefix}/var'
lt_ECHO='/bin/echo'
mandir='${datarootdir}/man'
mkdir_p='$(top_builddir)/./install-sh -c -d'
oldincludedir='/usr/include'
pdfdir='${docdir}'
prefix='/usr/local'
program_transform_name='s,x,x,'
psdir='${docdir}'
sbindir='${exec_prefix}/sbin'
sharedstatedir='${prefix}/com'
sysconfdir='${prefix}/etc'
target_alias=''

## ----------- ##
## confdefs.h. ##
## ----------- ##

#define PACKAGE_NAME "json-c"
#define PACKAGE_TARNAME "json-c"
#define PACKAGE_VERSION "0.9"
#define PACKAGE_STRING "json-c 0.9"
#define PACKAGE_BUGREPORT "michael@metaparadigm.com"
#define PACKAGE "json-c"
#define VERSION "0.9"
#define STDC_HEADERS 1
#define HAVE_SYS_TYPES_H 1
#define HAVE_SYS_STAT_H 1
#define HAVE_STDLIB_H 1
#define HAVE_STRING_H 1
#define HAVE_MEMORY_H 1
#define HAVE_STRINGS_H 1
#define HAVE_INTTYPES_H 1
#define HAVE_STDINT_H 1
#define HAVE_UNISTD_H 1
#define HAVE_FCNTL_H 1
#define HAVE_LIMITS_H 1
#define HAVE_STRINGS_H 1
#define HAVE_SYSLOG_H 1
#define HAVE_UNISTD_H 1
#define HAVE_SYS_PARAM_H 1
#define HAVE_STDARG_H 1
#define HAVE_VPRINTF 1
#define HAVE_STDLIB_H 1
#define HAVE_MALLOC 1
#define HAVE_STDLIB_H 1
#define HAVE_REALLOC 1
#define HAVE_STRERROR 1
#define HAVE_VSNPRINTF 1
#define HAVE_VASPRINTF 1
#define HAVE_OPEN 1
#define HAVE_VSYSLOG 1
#define HAVE_STRNCASECMP 1
#define HAVE_DLFCN_H 1
#define LT_OBJDIR ".libs/"

configure: exit 0
